TN:
SF:src/agents/analysis/market-analysis-agent.js
FN:9,(anonymous_0)
FN:15,(anonymous_1)
FN:21,(anonymous_2)
FN:30,(anonymous_3)
FN:37,(anonymous_4)
FN:41,(anonymous_5)
FNF:6
FNH:0
FNDA:0,(anonymous_0)
FNDA:0,(anonymous_1)
FNDA:0,(anonymous_2)
FNDA:0,(anonymous_3)
FNDA:0,(anonymous_4)
FNDA:0,(anonymous_5)
DA:6,0
DA:10,0
DA:11,0
DA:12,0
DA:16,0
DA:17,0
DA:18,0
DA:22,0
DA:31,0
DA:38,0
DA:42,0
DA:43,0
DA:47,0
LF:13
LH:0
BRDA:9,0,0,0
BRDA:38,1,0,0
BRDA:38,1,1,0
BRF:3
BRH:0
end_of_record
TN:
SF:src/agents/compliance/compliance-agent.js
FN:9,(anonymous_0)
FN:15,(anonymous_1)
FN:21,(anonymous_2)
FN:29,(anonymous_3)
FN:37,(anonymous_4)
FN:41,(anonymous_5)
FNF:6
FNH:0
FNDA:0,(anonymous_0)
FNDA:0,(anonymous_1)
FNDA:0,(anonymous_2)
FNDA:0,(anonymous_3)
FNDA:0,(anonymous_4)
FNDA:0,(anonymous_5)
DA:6,0
DA:10,0
DA:11,0
DA:12,0
DA:16,0
DA:17,0
DA:18,0
DA:22,0
DA:30,0
DA:38,0
DA:42,0
DA:43,0
DA:47,0
LF:13
LH:0
BRDA:9,0,0,0
BRDA:38,1,0,0
BRDA:38,1,1,0
BRF:3
BRH:0
end_of_record
TN:
SF:src/agents/execution/execution-agent.js
FN:10,(anonymous_0)
FN:43,(anonymous_1)
FN:67,(anonymous_2)
FN:113,(anonymous_3)
FN:131,(anonymous_4)
FN:140,(anonymous_5)
FN:141,(anonymous_6)
FN:151,(anonymous_7)
FN:165,(anonymous_8)
FN:177,(anonymous_9)
FN:178,(anonymous_10)
FN:183,(anonymous_11)
FN:204,(anonymous_12)
FN:205,(anonymous_13)
FN:207,(anonymous_14)
FN:218,(anonymous_15)
FN:219,(anonymous_16)
FN:221,(anonymous_17)
FN:238,(anonymous_18)
FN:259,(anonymous_19)
FN:278,(anonymous_20)
FN:287,(anonymous_21)
FN:291,(anonymous_22)
FN:292,(anonymous_23)
FN:298,(anonymous_24)
FN:329,(anonymous_25)
FN:333,(anonymous_26)
FN:338,(anonymous_27)
FN:343,(anonymous_28)
FN:350,(anonymous_29)
FN:357,(anonymous_30)
FN:373,(anonymous_31)
FN:404,(anonymous_32)
FN:432,(anonymous_33)
FN:457,(anonymous_34)
FN:481,(anonymous_35)
FN:509,(anonymous_36)
FN:535,(anonymous_37)
FN:546,(anonymous_38)
FN:582,(anonymous_39)
FN:591,(anonymous_40)
FN:605,(anonymous_41)
FN:623,(anonymous_42)
FN:646,(anonymous_43)
FN:657,(anonymous_44)
FN:666,(anonymous_45)
FN:676,(anonymous_46)
FN:692,(anonymous_47)
FN:701,(anonymous_48)
FN:713,(anonymous_49)
FN:731,(anonymous_50)
FN:750,(anonymous_51)
FN:754,(anonymous_52)
FN:765,(anonymous_53)
FN:784,(anonymous_54)
FNF:55
FNH:0
FNDA:0,(anonymous_0)
FNDA:0,(anonymous_1)
FNDA:0,(anonymous_2)
FNDA:0,(anonymous_3)
FNDA:0,(anonymous_4)
FNDA:0,(anonymous_5)
FNDA:0,(anonymous_6)
FNDA:0,(anonymous_7)
FNDA:0,(anonymous_8)
FNDA:0,(anonymous_9)
FNDA:0,(anonymous_10)
FNDA:0,(anonymous_11)
FNDA:0,(anonymous_12)
FNDA:0,(anonymous_13)
FNDA:0,(anonymous_14)
FNDA:0,(anonymous_15)
FNDA:0,(anonymous_16)
FNDA:0,(anonymous_17)
FNDA:0,(anonymous_18)
FNDA:0,(anonymous_19)
FNDA:0,(anonymous_20)
FNDA:0,(anonymous_21)
FNDA:0,(anonymous_22)
FNDA:0,(anonymous_23)
FNDA:0,(anonymous_24)
FNDA:0,(anonymous_25)
FNDA:0,(anonymous_26)
FNDA:0,(anonymous_27)
FNDA:0,(anonymous_28)
FNDA:0,(anonymous_29)
FNDA:0,(anonymous_30)
FNDA:0,(anonymous_31)
FNDA:0,(anonymous_32)
FNDA:0,(anonymous_33)
FNDA:0,(anonymous_34)
FNDA:0,(anonymous_35)
FNDA:0,(anonymous_36)
FNDA:0,(anonymous_37)
FNDA:0,(anonymous_38)
FNDA:0,(anonymous_39)
FNDA:0,(anonymous_40)
FNDA:0,(anonymous_41)
FNDA:0,(anonymous_42)
FNDA:0,(anonymous_43)
FNDA:0,(anonymous_44)
FNDA:0,(anonymous_45)
FNDA:0,(anonymous_46)
FNDA:0,(anonymous_47)
FNDA:0,(anonymous_48)
FNDA:0,(anonymous_49)
FNDA:0,(anonymous_50)
FNDA:0,(anonymous_51)
FNDA:0,(anonymous_52)
FNDA:0,(anonymous_53)
FNDA:0,(anonymous_54)
DA:6,0
DA:7,0
DA:11,0
DA:12,0
DA:26,0
DA:27,0
DA:28,0
DA:29,0
DA:30,0
DA:31,0
DA:33,0
DA:44,0
DA:46,0
DA:48,0
DA:51,0
DA:54,0
DA:57,0
DA:59,0
DA:60,0
DA:62,0
DA:63,0
DA:68,0
DA:71,0
DA:79,0
DA:87,0
DA:95,0
DA:103,0
DA:110,0
DA:114,0
DA:116,0
DA:117,0
DA:118,0
DA:119,0
DA:128,0
DA:133,0
DA:140,0
DA:141,0
DA:147,0
DA:148,0
DA:152,0
DA:162,0
DA:166,0
DA:178,0
DA:179,0
DA:182,0
DA:183,0
DA:186,0
DA:188,0
DA:190,0
DA:191,0
DA:199,0
DA:205,0
DA:206,0
DA:207,0
DA:209,0
DA:219,0
DA:220,0
DA:221,0
DA:224,0
DA:225,0
DA:227,0
DA:239,0
DA:241,0
DA:254,0
DA:256,0
DA:260,0
DA:261,0
DA:263,0
DA:265,0
DA:266,0
DA:267,0
DA:268,0
DA:271,0
DA:273,0
DA:280,0
DA:281,0
DA:283,0
DA:287,0
DA:292,0
DA:293,0
DA:294,0
DA:300,0
DA:301,0
DA:303,0
DA:304,0
DA:305,0
DA:308,0
DA:311,0
DA:312,0
DA:316,0
DA:317,0
DA:320,0
DA:321,0
DA:322,0
DA:326,0
DA:330,0
DA:333,0
DA:334,0
DA:338,0
DA:339,0
DA:343,0
DA:344,0
DA:347,0
DA:351,0
DA:352,0
DA:353,0
DA:358,0
DA:360,0
DA:361,0
DA:363,0
DA:364,0
DA:366,0
DA:368,0
DA:369,0
DA:374,0
DA:379,0
DA:380,0
DA:381,0
DA:385,0
DA:388,0
DA:391,0
DA:399,0
DA:401,0
DA:405,0
DA:407,0
DA:408,0
DA:410,0
DA:411,0
DA:414,0
DA:415,0
DA:421,0
DA:433,0
DA:436,0
DA:437,0
DA:439,0
DA:440,0
DA:447,0
DA:458,0
DA:460,0
DA:461,0
DA:463,0
DA:464,0
DA:471,0
DA:482,0
DA:484,0
DA:485,0
DA:488,0
DA:490,0
DA:491,0
DA:498,0
DA:510,0
DA:513,0
DA:514,0
DA:516,0
DA:517,0
DA:525,0
DA:537,0
DA:548,0
DA:549,0
DA:550,0
DA:551,0
DA:554,0
DA:556,0
DA:557,0
DA:560,0
DA:562,0
DA:563,0
DA:566,0
DA:568,0
DA:569,0
DA:572,0
DA:584,0
DA:585,0
DA:586,0
DA:588,0
DA:593,0
DA:594,0
DA:596,0
DA:598,0
DA:599,0
DA:602,0
DA:606,0
DA:607,0
DA:608,0
DA:609,0
DA:611,0
DA:612,0
DA:613,0
DA:615,0
DA:618,0
DA:624,0
DA:626,0
DA:627,0
DA:635,0
DA:636,0
DA:637,0
DA:641,0
DA:642,0
DA:647,0
DA:650,0
DA:651,0
DA:653,0
DA:654,0
DA:658,0
DA:659,0
DA:660,0
DA:661,0
DA:663,0
DA:667,0
DA:670,0
DA:671,0
DA:672,0
DA:678,0
DA:679,0
DA:681,0
DA:694,0
DA:702,0
DA:703,0
DA:704,0
DA:710,0
DA:714,0
DA:717,0
DA:723,0
DA:733,0
DA:737,0
DA:751,0
DA:753,0
DA:754,0
DA:756,0
DA:758,0
DA:759,0
DA:760,0
DA:762,0
DA:766,0
DA:769,0
DA:770,0
DA:771,0
DA:772,0
DA:774,0
DA:779,0
DA:781,0
DA:785,0
DA:788,0
DA:789,0
DA:790,0
DA:793,0
DA:794,0
DA:797,0
DA:798,0
DA:802,0
LF:250
LH:0
BRDA:10,0,0,0
BRDA:13,1,0,0
BRDA:13,1,1,0
BRDA:14,2,0,0
BRDA:14,2,1,0
BRDA:15,3,0,0
BRDA:15,3,1,0
BRDA:16,4,0,0
BRDA:16,4,1,0
BRDA:17,5,0,0
BRDA:17,5,1,0
BRDA:162,6,0,0
BRDA:162,6,1,0
BRDA:190,7,0,0
BRDA:190,7,1,0
BRDA:230,8,0,0
BRDA:230,8,1,0
BRDA:263,9,0,0
BRDA:263,9,1,0
BRDA:294,10,0,0
BRDA:294,10,1,0
BRDA:304,11,0,0
BRDA:304,11,1,0
BRDA:311,12,0,0
BRDA:311,12,1,0
BRDA:312,13,0,0
BRDA:312,13,1,0
BRDA:316,14,0,0
BRDA:316,14,1,0
BRDA:317,15,0,0
BRDA:317,15,1,0
BRDA:317,16,0,0
BRDA:317,16,1,0
BRDA:320,17,0,0
BRDA:320,17,1,0
BRDA:373,18,0,0
BRDA:380,19,0,0
BRDA:380,19,1,0
BRDA:495,20,0,0
BRDA:495,20,1,0
BRDA:554,21,0,0
BRDA:554,21,1,0
BRDA:560,22,0,0
BRDA:560,22,1,0
BRDA:566,23,0,0
BRDA:566,23,1,0
BRDA:568,24,0,0
BRDA:568,24,1,0
BRDA:611,25,0,0
BRDA:611,25,1,0
BRDA:611,26,0,0
BRDA:611,26,1,0
BRDA:613,27,0,0
BRDA:613,27,1,0
BRDA:626,28,0,0
BRDA:626,28,1,0
BRDA:635,29,0,0
BRDA:635,29,1,0
BRDA:658,30,0,0
BRDA:658,30,1,0
BRDA:658,31,0,0
BRDA:658,31,1,0
BRDA:671,32,0,0
BRDA:671,32,1,0
BRDA:707,33,0,0
BRDA:707,33,1,0
BRDA:719,34,0,0
BRDA:719,34,1,0
BRDA:727,35,0,0
BRDA:727,35,1,0
BRDA:733,36,0,0
BRDA:733,36,1,0
BRDA:751,37,0,0
BRDA:751,37,1,0
BRDA:758,38,0,0
BRDA:758,38,1,0
BRDA:759,39,0,0
BRDA:759,39,1,0
BRDA:760,40,0,0
BRDA:760,40,1,0
BRDA:788,41,0,0
BRDA:788,41,1,0
BRDA:789,42,0,0
BRDA:789,42,1,0
BRDA:790,43,0,0
BRDA:790,43,1,0
BRF:86
BRH:0
end_of_record
TN:
SF:src/agents/monitoring/monitoring-agent.js
FN:9,(anonymous_0)
FN:16,(anonymous_1)
FN:22,(anonymous_2)
FN:30,(anonymous_3)
FN:38,(anonymous_4)
FN:42,(anonymous_5)
FN:46,(anonymous_6)
FNF:7
FNH:0
FNDA:0,(anonymous_0)
FNDA:0,(anonymous_1)
FNDA:0,(anonymous_2)
FNDA:0,(anonymous_3)
FNDA:0,(anonymous_4)
FNDA:0,(anonymous_5)
FNDA:0,(anonymous_6)
DA:6,0
DA:10,0
DA:11,0
DA:12,0
DA:13,0
DA:17,0
DA:18,0
DA:19,0
DA:23,0
DA:31,0
DA:39,0
DA:43,0
DA:47,0
DA:48,0
DA:52,0
LF:15
LH:0
BRDA:9,0,0,0
BRDA:39,1,0,0
BRDA:39,1,1,0
BRF:3
BRH:0
end_of_record
TN:
SF:src/agents/orchestrator/ai-agent-orchestrator.js
FN:18,(anonymous_0)
FN:42,(anonymous_1)
FN:66,(anonymous_2)
FN:86,(anonymous_3)
FN:140,(anonymous_4)
FN:183,(anonymous_5)
FN:184,(anonymous_6)
FN:188,(anonymous_7)
FN:192,(anonymous_8)
FN:196,(anonymous_9)
FN:201,(anonymous_10)
FN:233,(anonymous_11)
FN:245,(anonymous_12)
FN:257,(anonymous_13)
FN:265,(anonymous_14)
FN:274,(anonymous_15)
FN:305,(anonymous_16)
FN:327,(anonymous_17)
FN:365,(anonymous_18)
FN:403,(anonymous_19)
FN:411,(anonymous_20)
FN:437,(anonymous_21)
FN:455,(anonymous_22)
FN:470,(anonymous_23)
FN:491,(anonymous_24)
FN:504,(anonymous_25)
FN:515,(anonymous_26)
FN:525,(anonymous_27)
FN:530,(anonymous_28)
FN:543,(anonymous_29)
FN:553,(anonymous_30)
FN:566,(anonymous_31)
FN:579,(anonymous_32)
FN:583,(anonymous_33)
FN:593,(anonymous_34)
FN:597,(anonymous_35)
FN:608,(anonymous_36)
FNF:37
FNH:0
FNDA:0,(anonymous_0)
FNDA:0,(anonymous_1)
FNDA:0,(anonymous_2)
FNDA:0,(anonymous_3)
FNDA:0,(anonymous_4)
FNDA:0,(anonymous_5)
FNDA:0,(anonymous_6)
FNDA:0,(anonymous_7)
FNDA:0,(anonymous_8)
FNDA:0,(anonymous_9)
FNDA:0,(anonymous_10)
FNDA:0,(anonymous_11)
FNDA:0,(anonymous_12)
FNDA:0,(anonymous_13)
FNDA:0,(anonymous_14)
FNDA:0,(anonymous_15)
FNDA:0,(anonymous_16)
FNDA:0,(anonymous_17)
FNDA:0,(anonymous_18)
FNDA:0,(anonymous_19)
FNDA:0,(anonymous_20)
FNDA:0,(anonymous_21)
FNDA:0,(anonymous_22)
FNDA:0,(anonymous_23)
FNDA:0,(anonymous_24)
FNDA:0,(anonymous_25)
FNDA:0,(anonymous_26)
FNDA:0,(anonymous_27)
FNDA:0,(anonymous_28)
FNDA:0,(anonymous_29)
FNDA:0,(anonymous_30)
FNDA:0,(anonymous_31)
FNDA:0,(anonymous_32)
FNDA:0,(anonymous_33)
FNDA:0,(anonymous_34)
FNDA:0,(anonymous_35)
FNDA:0,(anonymous_36)
DA:6,0
DA:7,0
DA:10,0
DA:11,0
DA:12,0
DA:13,0
DA:14,0
DA:15,0
DA:19,0
DA:20,0
DA:29,0
DA:30,0
DA:31,0
DA:32,0
DA:33,0
DA:43,0
DA:45,0
DA:47,0
DA:50,0
DA:53,0
DA:56,0
DA:58,0
DA:59,0
DA:61,0
DA:62,0
DA:67,0
DA:76,0
DA:77,0
DA:78,0
DA:79,0
DA:80,0
DA:81,0
DA:83,0
DA:87,0
DA:89,0
DA:131,0
DA:132,0
DA:133,0
DA:137,0
DA:143,0
DA:145,0
DA:146,0
DA:148,0
DA:149,0
DA:151,0
DA:152,0
DA:154,0
DA:155,0
DA:157,0
DA:158,0
DA:160,0
DA:161,0
DA:163,0
DA:166,0
DA:168,0
DA:169,0
DA:178,0
DA:180,0
DA:184,0
DA:185,0
DA:188,0
DA:189,0
DA:192,0
DA:193,0
DA:196,0
DA:197,0
DA:202,0
DA:205,0
DA:208,0
DA:211,0
DA:214,0
DA:217,0
DA:218,0
DA:219,0
DA:224,0
DA:225,0
DA:226,0
DA:230,0
DA:234,0
DA:241,0
DA:242,0
DA:246,0
DA:254,0
DA:258,0
DA:259,0
DA:260,0
DA:263,0
DA:265,0
DA:266,0
DA:267,0
DA:271,0
DA:275,0
DA:277,0
DA:279,0
DA:282,0
DA:285,0
DA:289,0
DA:290,0
DA:294,0
DA:296,0
DA:298,0
DA:301,0
DA:302,0
DA:306,0
DA:308,0
DA:309,0
DA:310,0
DA:311,0
DA:312,0
DA:313,0
DA:320,0
DA:324,0
DA:328,0
DA:331,0
DA:332,0
DA:333,0
DA:343,0
DA:344,0
DA:345,0
DA:355,0
DA:356,0
DA:358,0
DA:359,0
DA:362,0
DA:366,0
DA:367,0
DA:370,0
DA:371,0
DA:375,0
DA:376,0
DA:379,0
DA:381,0
DA:384,0
DA:387,0
DA:388,0
DA:400,0
DA:404,0
DA:405,0
DA:406,0
DA:408,0
DA:412,0
DA:414,0
DA:415,0
DA:417,0
DA:418,0
DA:420,0
DA:421,0
DA:423,0
DA:424,0
DA:426,0
DA:429,0
DA:430,0
DA:432,0
DA:433,0
DA:438,0
DA:441,0
DA:442,0
DA:443,0
DA:447,0
DA:456,0
DA:458,0
DA:459,0
DA:460,0
DA:463,0
DA:471,0
DA:475,0
DA:476,0
DA:477,0
DA:486,0
DA:487,0
DA:492,0
DA:493,0
DA:494,0
DA:495,0
DA:496,0
DA:499,0
DA:505,0
DA:508,0
DA:509,0
DA:511,0
DA:512,0
DA:516,0
DA:517,0
DA:518,0
DA:519,0
DA:522,0
DA:526,0
DA:527,0
DA:531,0
DA:534,0
DA:535,0
DA:536,0
DA:537,0
DA:540,0
DA:544,0
DA:545,0
DA:546,0
DA:547,0
DA:548,0
DA:554,0
DA:557,0
DA:558,0
DA:559,0
DA:563,0
DA:567,0
DA:568,0
DA:572,0
DA:573,0
DA:574,0
DA:576,0
DA:580,0
DA:583,0
DA:594,0
DA:596,0
DA:597,0
DA:599,0
DA:601,0
DA:602,0
DA:603,0
DA:605,0
DA:609,0
DA:611,0
DA:613,0
DA:614,0
DA:618,0
DA:619,0
DA:620,0
DA:621,0
DA:625,0
DA:629,0
LF:230
LH:0
BRDA:18,0,0,0
BRDA:21,1,0,0
BRDA:21,1,1,0
BRDA:22,2,0,0
BRDA:22,2,1,0
BRDA:23,3,0,0
BRDA:23,3,1,0
BRDA:24,4,0,0
BRDA:24,4,1,0
BRDA:25,5,0,0
BRDA:25,5,1,0
BRDA:91,6,0,0
BRDA:91,6,1,0
BRDA:92,7,0,0
BRDA:92,7,1,0
BRDA:94,8,0,0
BRDA:94,8,1,0
BRDA:98,9,0,0
BRDA:98,9,1,0
BRDA:99,10,0,0
BRDA:99,10,1,0
BRDA:101,11,0,0
BRDA:101,11,1,0
BRDA:105,12,0,0
BRDA:105,12,1,0
BRDA:106,13,0,0
BRDA:106,13,1,0
BRDA:108,14,0,0
BRDA:108,14,1,0
BRDA:112,15,0,0
BRDA:112,15,1,0
BRDA:118,16,0,0
BRDA:118,16,1,0
BRDA:124,17,0,0
BRDA:124,17,1,0
BRDA:132,18,0,0
BRDA:132,18,1,0
BRDA:143,19,0,0
BRDA:143,19,1,0
BRDA:143,19,2,0
BRDA:143,19,3,0
BRDA:143,19,4,0
BRDA:143,19,5,0
BRDA:143,19,6,0
BRDA:218,20,0,0
BRDA:218,20,1,0
BRDA:225,21,0,0
BRDA:225,21,1,0
BRDA:258,22,0,0
BRDA:258,22,1,0
BRDA:266,23,0,0
BRDA:266,23,1,0
BRDA:285,24,0,0
BRDA:285,24,1,0
BRDA:286,25,0,0
BRDA:286,25,1,0
BRDA:311,26,0,0
BRDA:311,26,1,0
BRDA:328,27,0,0
BRDA:328,27,1,0
BRDA:332,28,0,0
BRDA:332,28,1,0
BRDA:332,29,0,0
BRDA:332,29,1,0
BRDA:344,30,0,0
BRDA:344,30,1,0
BRDA:344,31,0,0
BRDA:344,31,1,0
BRDA:358,32,0,0
BRDA:358,32,1,0
BRDA:358,33,0,0
BRDA:358,33,1,0
BRDA:370,34,0,0
BRDA:370,34,1,0
BRDA:370,35,0,0
BRDA:370,35,1,0
BRDA:379,36,0,0
BRDA:379,36,1,0
BRDA:379,36,2,0
BRDA:381,37,0,0
BRDA:381,37,1,0
BRDA:381,37,2,0
BRDA:387,38,0,0
BRDA:387,38,1,0
BRDA:415,39,0,0
BRDA:415,39,1,0
BRDA:415,39,2,0
BRDA:415,39,3,0
BRDA:442,40,0,0
BRDA:442,40,1,0
BRDA:459,41,0,0
BRDA:459,41,1,0
BRDA:476,42,0,0
BRDA:476,42,1,0
BRDA:494,43,0,0
BRDA:494,43,1,0
BRDA:494,44,0,0
BRDA:494,44,1,0
BRDA:508,45,0,0
BRDA:508,45,1,0
BRDA:517,46,0,0
BRDA:517,46,1,0
BRDA:535,47,0,0
BRDA:535,47,1,0
BRDA:545,48,0,0
BRDA:545,48,1,0
BRDA:546,49,0,0
BRDA:546,49,1,0
BRDA:547,50,0,0
BRDA:547,50,1,0
BRDA:558,51,0,0
BRDA:558,51,1,0
BRDA:567,52,0,0
BRDA:567,52,1,0
BRDA:594,53,0,0
BRDA:594,53,1,0
BRDA:601,54,0,0
BRDA:601,54,1,0
BRDA:602,55,0,0
BRDA:602,55,1,0
BRDA:603,56,0,0
BRDA:603,56,1,0
BRDA:613,57,0,0
BRDA:613,57,1,0
BRDA:620,58,0,0
BRDA:620,58,1,0
BRF:126
BRH:0
end_of_record
TN:
SF:src/agents/risk/risk-agent.js
FN:9,(anonymous_0)
FN:50,(anonymous_1)
FN:77,(anonymous_2)
FN:113,(anonymous_3)
FN:131,(anonymous_4)
FN:135,(anonymous_5)
FN:140,(anonymous_6)
FN:145,(anonymous_7)
FN:152,(anonymous_8)
FN:172,(anonymous_9)
FN:176,(anonymous_10)
FN:181,(anonymous_11)
FN:188,(anonymous_12)
FN:202,(anonymous_13)
FN:226,(anonymous_14)
FN:241,(anonymous_15)
FN:262,(anonymous_16)
FN:281,(anonymous_17)
FN:317,(anonymous_18)
FN:331,(anonymous_19)
FN:347,(anonymous_20)
FN:363,(anonymous_21)
FN:379,(anonymous_22)
FN:392,(anonymous_23)
FN:403,(anonymous_24)
FN:425,(anonymous_25)
FN:455,(anonymous_26)
FN:473,(anonymous_27)
FN:493,(anonymous_28)
FN:513,(anonymous_29)
FN:559,(anonymous_30)
FN:577,(anonymous_31)
FN:593,(anonymous_32)
FN:604,(anonymous_33)
FN:609,(anonymous_34)
FN:610,(anonymous_35)
FN:619,(anonymous_36)
FN:624,(anonymous_37)
FN:636,(anonymous_38)
FN:652,(anonymous_39)
FN:667,(anonymous_40)
FN:701,(anonymous_41)
FN:705,(anonymous_42)
FN:709,(anonymous_43)
FN:731,(anonymous_44)
FN:743,(anonymous_45)
FN:754,(anonymous_46)
FN:769,(anonymous_47)
FNF:48
FNH:0
FNDA:0,(anonymous_0)
FNDA:0,(anonymous_1)
FNDA:0,(anonymous_2)
FNDA:0,(anonymous_3)
FNDA:0,(anonymous_4)
FNDA:0,(anonymous_5)
FNDA:0,(anonymous_6)
FNDA:0,(anonymous_7)
FNDA:0,(anonymous_8)
FNDA:0,(anonymous_9)
FNDA:0,(anonymous_10)
FNDA:0,(anonymous_11)
FNDA:0,(anonymous_12)
FNDA:0,(anonymous_13)
FNDA:0,(anonymous_14)
FNDA:0,(anonymous_15)
FNDA:0,(anonymous_16)
FNDA:0,(anonymous_17)
FNDA:0,(anonymous_18)
FNDA:0,(anonymous_19)
FNDA:0,(anonymous_20)
FNDA:0,(anonymous_21)
FNDA:0,(anonymous_22)
FNDA:0,(anonymous_23)
FNDA:0,(anonymous_24)
FNDA:0,(anonymous_25)
FNDA:0,(anonymous_26)
FNDA:0,(anonymous_27)
FNDA:0,(anonymous_28)
FNDA:0,(anonymous_29)
FNDA:0,(anonymous_30)
FNDA:0,(anonymous_31)
FNDA:0,(anonymous_32)
FNDA:0,(anonymous_33)
FNDA:0,(anonymous_34)
FNDA:0,(anonymous_35)
FNDA:0,(anonymous_36)
FNDA:0,(anonymous_37)
FNDA:0,(anonymous_38)
FNDA:0,(anonymous_39)
FNDA:0,(anonymous_40)
FNDA:0,(anonymous_41)
FNDA:0,(anonymous_42)
FNDA:0,(anonymous_43)
FNDA:0,(anonymous_44)
FNDA:0,(anonymous_45)
FNDA:0,(anonymous_46)
FNDA:0,(anonymous_47)
DA:6,0
DA:10,0
DA:11,0
DA:21,0
DA:22,0
DA:23,0
DA:24,0
DA:25,0
DA:27,0
DA:39,0
DA:51,0
DA:53,0
DA:55,0
DA:58,0
DA:61,0
DA:64,0
DA:67,0
DA:69,0
DA:70,0
DA:72,0
DA:73,0
DA:78,0
DA:81,0
DA:90,0
DA:97,0
DA:104,0
DA:110,0
DA:114,0
DA:116,0
DA:125,0
DA:126,0
DA:128,0
DA:132,0
DA:135,0
DA:136,0
DA:140,0
DA:141,0
DA:145,0
DA:146,0
DA:149,0
DA:153,0
DA:155,0
DA:169,0
DA:173,0
DA:176,0
DA:177,0
DA:181,0
DA:182,0
DA:185,0
DA:190,0
DA:192,0
DA:203,0
DA:212,0
DA:213,0
DA:214,0
DA:217,0
DA:219,0
DA:228,0
DA:229,0
DA:231,0
DA:233,0
DA:235,0
DA:236,0
DA:237,0
DA:238,0
DA:242,0
DA:263,0
DA:264,0
DA:267,0
DA:278,0
DA:282,0
DA:285,0
DA:286,0
DA:295,0
DA:296,0
DA:305,0
DA:306,0
DA:314,0
DA:319,0
DA:320,0
DA:321,0
DA:324,0
DA:332,0
DA:333,0
DA:335,0
DA:336,0
DA:337,0
DA:339,0
DA:340,0
DA:344,0
DA:348,0
DA:349,0
DA:350,0
DA:353,0
DA:355,0
DA:356,0
DA:357,0
DA:360,0
DA:364,0
DA:365,0
DA:367,0
DA:368,0
DA:369,0
DA:370,0
DA:372,0
DA:373,0
DA:376,0
DA:381,0
DA:382,0
DA:383,0
DA:384,0
DA:386,0
DA:388,0
DA:389,0
DA:393,0
DA:395,0
DA:404,0
DA:406,0
DA:413,0
DA:415,0
DA:416,0
DA:419,0
DA:426,0
DA:428,0
DA:429,0
DA:432,0
DA:433,0
DA:437,0
DA:438,0
DA:439,0
DA:442,0
DA:445,0
DA:457,0
DA:460,0
DA:461,0
DA:462,0
DA:463,0
DA:464,0
DA:466,0
DA:475,0
DA:478,0
DA:479,0
DA:480,0
DA:482,0
DA:484,0
DA:495,0
DA:496,0
DA:498,0
DA:499,0
DA:500,0
DA:502,0
DA:503,0
DA:506,0
DA:507,0
DA:510,0
DA:514,0
DA:517,0
DA:520,0
DA:530,0
DA:531,0
DA:541,0
DA:544,0
DA:554,0
DA:555,0
DA:560,0
DA:563,0
DA:564,0
DA:567,0
DA:569,0
DA:572,0
DA:573,0
DA:578,0
DA:580,0
DA:582,0
DA:583,0
DA:585,0
DA:586,0
DA:588,0
DA:589,0
DA:594,0
DA:597,0
DA:605,0
DA:608,0
DA:609,0
DA:610,0
DA:612,0
DA:620,0
DA:623,0
DA:625,0
DA:629,0
DA:637,0
DA:639,0
DA:641,0
DA:642,0
DA:644,0
DA:645,0
DA:647,0
DA:648,0
DA:653,0
DA:655,0
DA:656,0
DA:658,0
DA:668,0
DA:669,0
DA:681,0
DA:682,0
DA:685,0
DA:686,0
DA:688,0
DA:689,0
DA:690,0
DA:693,0
DA:695,0
DA:698,0
DA:702,0
DA:706,0
DA:708,0
DA:709,0
DA:713,0
DA:732,0
DA:734,0
DA:736,0
DA:737,0
DA:738,0
DA:740,0
DA:744,0
DA:747,0
DA:748,0
DA:749,0
DA:751,0
DA:755,0
DA:758,0
DA:759,0
DA:760,0
DA:763,0
DA:765,0
DA:766,0
DA:771,0
DA:775,0
LF:239
LH:0
BRDA:9,0,0,0
BRDA:12,1,0,0
BRDA:12,1,1,0
BRDA:13,2,0,0
BRDA:13,2,1,0
BRDA:14,3,0,0
BRDA:14,3,1,0
BRDA:15,4,0,0
BRDA:15,4,1,0
BRDA:16,5,0,0
BRDA:16,5,1,0
BRDA:17,6,0,0
BRDA:17,6,1,0
BRDA:235,7,0,0
BRDA:235,7,1,0
BRDA:236,8,0,0
BRDA:236,8,1,0
BRDA:237,9,0,0
BRDA:237,9,1,0
BRDA:273,10,0,0
BRDA:273,10,1,0
BRDA:274,11,0,0
BRDA:274,11,1,0
BRDA:275,12,0,0
BRDA:275,12,1,0
BRDA:285,13,0,0
BRDA:285,13,1,0
BRDA:295,14,0,0
BRDA:295,14,1,0
BRDA:305,15,0,0
BRDA:305,15,1,0
BRDA:339,16,0,0
BRDA:339,16,1,0
BRDA:344,17,0,0
BRDA:344,17,1,0
BRDA:348,18,0,0
BRDA:348,18,1,0
BRDA:370,19,0,0
BRDA:370,19,1,0
BRDA:376,20,0,0
BRDA:376,20,1,0
BRDA:432,21,0,0
BRDA:432,21,1,0
BRDA:433,22,0,0
BRDA:433,22,1,0
BRDA:437,23,0,0
BRDA:437,23,1,0
BRDA:469,24,0,0
BRDA:469,24,1,0
BRDA:478,25,0,0
BRDA:478,25,1,0
BRDA:489,26,0,0
BRDA:489,26,1,0
BRDA:517,27,0,0
BRDA:517,27,1,0
BRDA:530,28,0,0
BRDA:530,28,1,0
BRDA:541,29,0,0
BRDA:541,29,1,0
BRDA:572,30,0,0
BRDA:572,30,1,0
BRDA:580,31,0,0
BRDA:580,31,1,0
BRDA:580,31,2,0
BRDA:639,32,0,0
BRDA:639,32,1,0
BRDA:639,32,2,0
BRDA:668,33,0,0
BRDA:668,33,1,0
BRDA:682,34,0,0
BRDA:682,34,1,0
BRDA:689,35,0,0
BRDA:689,35,1,0
BRDA:708,36,0,0
BRDA:708,36,1,0
BRDA:732,37,0,0
BRDA:732,37,1,0
BRDA:736,38,0,0
BRDA:736,38,1,0
BRDA:737,39,0,0
BRDA:737,39,1,0
BRDA:738,40,0,0
BRDA:738,40,1,0
BRDA:747,41,0,0
BRDA:747,41,1,0
BRDA:748,42,0,0
BRDA:748,42,1,0
BRDA:749,43,0,0
BRDA:749,43,1,0
BRDA:758,44,0,0
BRDA:758,44,1,0
BRDA:759,45,0,0
BRDA:759,45,1,0
BRDA:760,46,0,0
BRDA:760,46,1,0
BRF:95
BRH:0
end_of_record
TN:
SF:src/agents/strategy/strategy-agent.js
FN:10,(anonymous_0)
FN:41,(anonymous_1)
FN:65,(anonymous_2)
FN:100,(anonymous_3)
FN:101,(anonymous_4)
FN:105,(anonymous_5)
FN:132,(anonymous_6)
FN:170,(anonymous_7)
FN:204,(anonymous_8)
FN:237,(anonymous_9)
FN:278,(anonymous_10)
FN:303,(anonymous_11)
FN:333,(anonymous_12)
FN:344,(anonymous_13)
FN:351,(anonymous_14)
FN:381,(anonymous_15)
FN:417,(anonymous_16)
FN:420,(anonymous_17)
FN:424,(anonymous_18)
FN:429,(anonymous_19)
FN:435,(anonymous_20)
FN:436,(anonymous_21)
FN:442,(anonymous_22)
FN:445,(anonymous_23)
FN:455,(anonymous_24)
FN:469,(anonymous_25)
FN:493,(anonymous_26)
FN:515,(anonymous_27)
FN:536,(anonymous_28)
FN:543,(anonymous_29)
FN:572,(anonymous_30)
FN:576,(anonymous_31)
FN:597,(anonymous_32)
FN:608,(anonymous_33)
FN:612,(anonymous_34)
FN:625,(anonymous_35)
FN:628,(anonymous_36)
FN:636,(anonymous_37)
FN:645,(anonymous_38)
FN:656,(anonymous_39)
FN:666,(anonymous_40)
FNF:41
FNH:0
FNDA:0,(anonymous_0)
FNDA:0,(anonymous_1)
FNDA:0,(anonymous_2)
FNDA:0,(anonymous_3)
FNDA:0,(anonymous_4)
FNDA:0,(anonymous_5)
FNDA:0,(anonymous_6)
FNDA:0,(anonymous_7)
FNDA:0,(anonymous_8)
FNDA:0,(anonymous_9)
FNDA:0,(anonymous_10)
FNDA:0,(anonymous_11)
FNDA:0,(anonymous_12)
FNDA:0,(anonymous_13)
FNDA:0,(anonymous_14)
FNDA:0,(anonymous_15)
FNDA:0,(anonymous_16)
FNDA:0,(anonymous_17)
FNDA:0,(anonymous_18)
FNDA:0,(anonymous_19)
FNDA:0,(anonymous_20)
FNDA:0,(anonymous_21)
FNDA:0,(anonymous_22)
FNDA:0,(anonymous_23)
FNDA:0,(anonymous_24)
FNDA:0,(anonymous_25)
FNDA:0,(anonymous_26)
FNDA:0,(anonymous_27)
FNDA:0,(anonymous_28)
FNDA:0,(anonymous_29)
FNDA:0,(anonymous_30)
FNDA:0,(anonymous_31)
FNDA:0,(anonymous_32)
FNDA:0,(anonymous_33)
FNDA:0,(anonymous_34)
FNDA:0,(anonymous_35)
FNDA:0,(anonymous_36)
FNDA:0,(anonymous_37)
FNDA:0,(anonymous_38)
FNDA:0,(anonymous_39)
FNDA:0,(anonymous_40)
DA:6,0
DA:7,0
DA:11,0
DA:12,0
DA:26,0
DA:27,0
DA:28,0
DA:29,0
DA:30,0
DA:32,0
DA:42,0
DA:44,0
DA:46,0
DA:49,0
DA:52,0
DA:55,0
DA:57,0
DA:58,0
DA:60,0
DA:61,0
DA:66,0
DA:69,0
DA:76,0
DA:83,0
DA:90,0
DA:97,0
DA:101,0
DA:102,0
DA:105,0
DA:108,0
DA:110,0
DA:111,0
DA:113,0
DA:114,0
DA:116,0
DA:117,0
DA:119,0
DA:120,0
DA:122,0
DA:125,0
DA:126,0
DA:128,0
DA:133,0
DA:136,0
DA:137,0
DA:139,0
DA:140,0
DA:141,0
DA:142,0
DA:143,0
DA:144,0
DA:151,0
DA:152,0
DA:155,0
DA:156,0
DA:158,0
DA:171,0
DA:173,0
DA:174,0
DA:176,0
DA:177,0
DA:178,0
DA:179,0
DA:180,0
DA:181,0
DA:185,0
DA:186,0
DA:189,0
DA:190,0
DA:192,0
DA:205,0
DA:207,0
DA:208,0
DA:211,0
DA:212,0
DA:213,0
DA:217,0
DA:218,0
DA:221,0
DA:222,0
DA:224,0
DA:238,0
DA:240,0
DA:241,0
DA:244,0
DA:246,0
DA:247,0
DA:248,0
DA:249,0
DA:250,0
DA:251,0
DA:256,0
DA:257,0
DA:260,0
DA:261,0
DA:265,0
DA:279,0
DA:281,0
DA:282,0
DA:296,0
DA:297,0
DA:300,0
DA:304,0
DA:330,0
DA:334,0
DA:336,0
DA:344,0
DA:345,0
DA:348,0
DA:353,0
DA:356,0
DA:357,0
DA:360,0
DA:361,0
DA:362,0
DA:363,0
DA:364,0
DA:365,0
DA:367,0
DA:370,0
DA:371,0
DA:374,0
DA:375,0
DA:378,0
DA:382,0
DA:384,0
DA:385,0
DA:387,0
DA:388,0
DA:389,0
DA:390,0
DA:391,0
DA:393,0
DA:396,0
DA:397,0
DA:398,0
DA:399,0
DA:400,0
DA:402,0
DA:405,0
DA:406,0
DA:407,0
DA:409,0
DA:412,0
DA:418,0
DA:420,0
DA:421,0
DA:424,0
DA:425,0
DA:430,0
DA:431,0
DA:433,0
DA:434,0
DA:435,0
DA:436,0
DA:438,0
DA:439,0
DA:442,0
DA:443,0
DA:445,0
DA:446,0
DA:447,0
DA:450,0
DA:456,0
DA:458,0
DA:459,0
DA:461,0
DA:462,0
DA:464,0
DA:470,0
DA:472,0
DA:474,0
DA:475,0
DA:476,0
DA:479,0
DA:480,0
DA:481,0
DA:484,0
DA:485,0
DA:488,0
DA:489,0
DA:494,0
DA:496,0
DA:498,0
DA:499,0
DA:502,0
DA:503,0
DA:506,0
DA:507,0
DA:510,0
DA:511,0
DA:517,0
DA:519,0
DA:520,0
DA:522,0
DA:523,0
DA:525,0
DA:526,0
DA:536,0
DA:537,0
DA:540,0
DA:545,0
DA:569,0
DA:573,0
DA:577,0
DA:578,0
DA:579,0
DA:586,0
DA:587,0
DA:590,0
DA:591,0
DA:593,0
DA:599,0
DA:603,0
DA:608,0
DA:612,0
DA:626,0
DA:628,0
DA:629,0
DA:631,0
DA:632,0
DA:635,0
DA:636,0
DA:640,0
DA:642,0
DA:646,0
DA:649,0
DA:650,0
DA:653,0
DA:657,0
DA:660,0
DA:662,0
DA:663,0
DA:668,0
DA:672,0
LF:235
LH:0
BRDA:10,0,0,0
BRDA:13,1,0,0
BRDA:13,1,1,0
BRDA:15,2,0,0
BRDA:15,2,1,0
BRDA:16,3,0,0
BRDA:16,3,1,0
BRDA:22,4,0,0
BRDA:22,4,1,0
BRDA:108,5,0,0
BRDA:108,5,1,0
BRDA:108,5,2,0
BRDA:108,5,3,0
BRDA:108,5,4,0
BRDA:139,6,0,0
BRDA:139,6,1,0
BRDA:139,7,0,0
BRDA:139,7,1,0
BRDA:139,7,2,0
BRDA:142,8,0,0
BRDA:142,8,1,0
BRDA:142,9,0,0
BRDA:142,9,1,0
BRDA:142,9,2,0
BRDA:159,10,0,0
BRDA:159,10,1,0
BRDA:159,11,0,0
BRDA:159,11,1,0
BRDA:176,12,0,0
BRDA:176,12,1,0
BRDA:176,13,0,0
BRDA:176,13,1,0
BRDA:179,14,0,0
BRDA:179,14,1,0
BRDA:179,15,0,0
BRDA:179,15,1,0
BRDA:193,16,0,0
BRDA:193,16,1,0
BRDA:193,17,0,0
BRDA:193,17,1,0
BRDA:211,18,0,0
BRDA:211,18,1,0
BRDA:211,19,0,0
BRDA:211,19,1,0
BRDA:225,20,0,0
BRDA:225,20,1,0
BRDA:225,21,0,0
BRDA:225,21,1,0
BRDA:244,22,0,0
BRDA:244,22,1,0
BRDA:246,23,0,0
BRDA:246,23,1,0
BRDA:246,24,0,0
BRDA:246,24,1,0
BRDA:249,25,0,0
BRDA:249,25,1,0
BRDA:249,26,0,0
BRDA:249,26,1,0
BRDA:266,27,0,0
BRDA:266,27,1,0
BRDA:266,28,0,0
BRDA:266,28,1,0
BRDA:330,29,0,0
BRDA:330,29,1,0
BRDA:360,30,0,0
BRDA:360,30,1,0
BRDA:362,31,0,0
BRDA:362,31,1,0
BRDA:364,32,0,0
BRDA:364,32,1,0
BRDA:370,33,0,0
BRDA:370,33,1,0
BRDA:385,34,0,0
BRDA:385,34,1,0
BRDA:385,34,2,0
BRDA:385,34,3,0
BRDA:387,35,0,0
BRDA:387,35,1,0
BRDA:390,36,0,0
BRDA:390,36,1,0
BRDA:396,37,0,0
BRDA:396,37,1,0
BRDA:399,38,0,0
BRDA:399,38,1,0
BRDA:405,39,0,0
BRDA:405,39,1,0
BRDA:433,40,0,0
BRDA:433,40,1,0
BRDA:447,41,0,0
BRDA:447,41,1,0
BRDA:459,42,0,0
BRDA:459,42,1,0
BRDA:462,43,0,0
BRDA:462,43,1,0
BRDA:472,44,0,0
BRDA:472,44,1,0
BRDA:472,44,2,0
BRDA:472,44,3,0
BRDA:496,45,0,0
BRDA:496,45,1,0
BRDA:496,45,2,0
BRDA:496,45,3,0
BRDA:520,46,0,0
BRDA:520,46,1,0
BRDA:525,47,0,0
BRDA:525,47,1,0
BRDA:537,48,0,0
BRDA:537,48,1,0
BRDA:537,49,0,0
BRDA:537,49,1,0
BRDA:569,50,0,0
BRDA:569,50,1,0
BRDA:578,51,0,0
BRDA:578,51,1,0
BRDA:586,52,0,0
BRDA:586,52,1,0
BRDA:590,53,0,0
BRDA:590,53,1,0
BRDA:599,54,0,0
BRDA:599,54,1,0
BRDA:626,55,0,0
BRDA:626,55,1,0
BRDA:631,56,0,0
BRDA:631,56,1,0
BRDA:632,57,0,0
BRDA:632,57,1,0
BRDA:640,58,0,0
BRDA:640,58,1,0
BRF:128
BRH:0
end_of_record
TN:
SF:src/core/config/system-config.js
FN:10,(anonymous_0)
FN:15,(anonymous_1)
FN:228,(anonymous_2)
FN:246,(anonymous_3)
FN:260,(anonymous_4)
FN:275,(anonymous_5)
FN:276,(anonymous_6)
FN:279,(anonymous_7)
FN:283,(anonymous_8)
FN:287,(anonymous_9)
FN:291,(anonymous_10)
FN:300,(anonymous_11)
FN:309,(anonymous_12)
FN:314,(anonymous_13)
FNF:14
FNH:0
FNDA:0,(anonymous_0)
FNDA:0,(anonymous_1)
FNDA:0,(anonymous_2)
FNDA:0,(anonymous_3)
FNDA:0,(anonymous_4)
FNDA:0,(anonymous_5)
FNDA:0,(anonymous_6)
FNDA:0,(anonymous_7)
FNDA:0,(anonymous_8)
FNDA:0,(anonymous_9)
FNDA:0,(anonymous_10)
FNDA:0,(anonymous_11)
FNDA:0,(anonymous_12)
FNDA:0,(anonymous_13)
DA:6,0
DA:7,0
DA:11,0
DA:12,0
DA:16,0
DA:219,0
DA:220,0
DA:221,0
DA:222,0
DA:225,0
DA:229,0
DA:231,0
DA:232,0
DA:237,0
DA:239,0
DA:243,0
DA:247,0
DA:248,0
DA:250,0
DA:251,0
DA:252,0
DA:254,0
DA:257,0
DA:261,0
DA:262,0
DA:264,0
DA:265,0
DA:266,0
DA:267,0
DA:269,0
DA:272,0
DA:276,0
DA:280,0
DA:284,0
DA:288,0
DA:292,0
DA:300,0
DA:302,0
DA:303,0
DA:306,0
DA:310,0
DA:311,0
DA:315,0
DA:319,0
LF:44
LH:0
BRDA:12,0,0,0
BRDA:12,0,1,0
BRDA:21,1,0,0
BRDA:21,1,1,0
BRDA:220,2,0,0
BRDA:220,2,1,0
BRDA:232,3,0,0
BRDA:232,3,1,0
BRDA:233,4,0,0
BRDA:233,4,1,0
BRDA:233,4,2,0
BRDA:237,5,0,0
BRDA:237,5,1,0
BRDA:246,6,0,0
BRDA:251,7,0,0
BRDA:251,7,1,0
BRDA:266,8,0,0
BRDA:266,8,1,0
BRDA:266,9,0,0
BRDA:266,9,1,0
BRDA:302,10,0,0
BRDA:302,10,1,0
BRF:22
BRH:0
end_of_record
TN:
SF:src/core/engine/ultra-low-latency-engine.js
FN:10,(anonymous_0)
FN:37,(anonymous_1)
FN:68,(anonymous_2)
FN:71,(anonymous_3)
FN:81,(anonymous_4)
FN:100,(anonymous_5)
FN:116,(anonymous_6)
FN:135,(anonymous_7)
FN:147,(anonymous_8)
FN:161,(anonymous_9)
FN:190,(anonymous_10)
FN:192,(anonymous_11)
FN:200,(anonymous_12)
FN:214,(anonymous_13)
FN:244,(anonymous_14)
FN:267,(anonymous_15)
FN:286,(anonymous_16)
FN:306,(anonymous_17)
FN:320,(anonymous_18)
FN:332,(anonymous_19)
FN:338,(anonymous_20)
FN:346,(anonymous_21)
FN:360,(anonymous_22)
FN:361,(anonymous_23)
FN:364,(anonymous_24)
FN:376,(anonymous_25)
FN:383,(anonymous_26)
FN:396,(anonymous_27)
FN:410,(anonymous_28)
FNF:29
FNH:2
FNDA:1,(anonymous_0)
FNDA:0,(anonymous_1)
FNDA:0,(anonymous_2)
FNDA:0,(anonymous_3)
FNDA:0,(anonymous_4)
FNDA:0,(anonymous_5)
FNDA:0,(anonymous_6)
FNDA:0,(anonymous_7)
FNDA:0,(anonymous_8)
FNDA:0,(anonymous_9)
FNDA:0,(anonymous_10)
FNDA:0,(anonymous_11)
FNDA:0,(anonymous_12)
FNDA:0,(anonymous_13)
FNDA:0,(anonymous_14)
FNDA:0,(anonymous_15)
FNDA:0,(anonymous_16)
FNDA:0,(anonymous_17)
FNDA:0,(anonymous_18)
FNDA:0,(anonymous_19)
FNDA:0,(anonymous_20)
FNDA:0,(anonymous_21)
FNDA:0,(anonymous_22)
FNDA:0,(anonymous_23)
FNDA:0,(anonymous_24)
FNDA:0,(anonymous_25)
FNDA:0,(anonymous_26)
FNDA:0,(anonymous_27)
FNDA:1,(anonymous_28)
DA:6,1
DA:7,1
DA:11,1
DA:12,1
DA:21,1
DA:22,1
DA:31,1
DA:32,1
DA:33,1
DA:34,1
DA:38,0
DA:40,0
DA:42,0
DA:45,0
DA:46,0
DA:50,0
DA:51,0
DA:55,0
DA:58,0
DA:60,0
DA:61,0
DA:63,0
DA:64,0
DA:70,0
DA:71,0
DA:81,0
DA:92,0
DA:97,0
DA:103,0
DA:106,0
DA:113,0
DA:118,0
DA:121,0
DA:130,0
DA:132,0
DA:137,0
DA:144,0
DA:149,0
DA:156,0
DA:158,0
DA:163,0
DA:164,0
DA:166,0
DA:167,0
DA:168,0
DA:171,0
DA:173,0
DA:174,0
DA:176,0
DA:177,0
DA:179,0
DA:182,0
DA:183,0
DA:185,0
DA:192,0
DA:193,0
DA:194,0
DA:195,0
DA:201,0
DA:203,0
DA:204,0
DA:205,0
DA:208,0
DA:209,0
DA:211,0
DA:215,0
DA:217,0
DA:218,0
DA:220,0
DA:221,0
DA:223,0
DA:224,0
DA:226,0
DA:227,0
DA:229,0
DA:232,0
DA:234,0
DA:237,0
DA:238,0
DA:240,0
DA:241,0
DA:245,0
DA:247,0
DA:251,0
DA:254,0
DA:263,0
DA:264,0
DA:269,0
DA:272,0
DA:282,0
DA:283,0
DA:287,0
DA:289,0
DA:290,0
DA:294,0
DA:295,0
DA:296,0
DA:297,0
DA:298,0
DA:299,0
DA:300,0
DA:302,0
DA:303,0
DA:308,0
DA:316,0
DA:317,0
DA:321,0
DA:322,0
DA:324,0
DA:325,0
DA:326,0
DA:329,0
DA:333,0
DA:334,0
DA:335,0
DA:339,0
DA:340,0
DA:342,0
DA:347,0
DA:350,0
DA:351,0
DA:355,0
DA:356,0
DA:361,0
DA:362,0
DA:364,0
DA:365,0
DA:366,0
DA:367,0
DA:370,0
DA:371,0
DA:372,0
DA:373,0
DA:377,0
DA:384,0
DA:397,0
DA:399,0
DA:400,0
DA:403,0
DA:404,0
DA:407,0
DA:411,1
DA:413,1
DA:415,1
DA:416,0
DA:419,1
DA:423,1
LF:147
LH:15
BRDA:10,0,0,1
BRDA:13,1,0,1
BRDA:13,1,1,1
BRDA:14,2,0,1
BRDA:14,2,1,1
BRDA:15,3,0,1
BRDA:15,3,1,1
BRDA:16,4,0,1
BRDA:16,4,1,1
BRDA:17,5,0,1
BRDA:17,5,1,1
BRDA:45,6,0,0
BRDA:45,6,1,0
BRDA:50,7,0,0
BRDA:50,7,1,0
BRDA:194,8,0,0
BRDA:194,8,1,0
BRDA:218,9,0,0
BRDA:218,9,1,0
BRDA:218,9,2,0
BRDA:218,9,3,0
BRDA:245,10,0,0
BRDA:245,10,1,0
BRDA:245,11,0,0
BRDA:245,11,1,0
BRDA:289,12,0,0
BRDA:289,12,1,0
BRDA:324,13,0,0
BRDA:324,13,1,0
BRDA:339,14,0,0
BRDA:339,14,1,0
BRDA:350,15,0,0
BRDA:350,15,1,0
BRDA:355,16,0,0
BRDA:355,16,1,0
BRDA:391,17,0,0
BRDA:391,17,1,0
BRDA:392,18,0,0
BRDA:392,18,1,0
BRDA:397,19,0,0
BRDA:397,19,1,0
BRDA:399,20,0,0
BRDA:399,20,1,0
BRDA:403,21,0,0
BRDA:403,21,1,0
BRDA:415,22,0,0
BRDA:415,22,1,1
BRF:47
BRH:12
end_of_record
TN:
SF:src/core/logging/logger.js
FN:10,(anonymous_0)
FN:31,(anonymous_1)
FN:47,(anonymous_2)
FN:56,(anonymous_3)
FN:81,(anonymous_4)
FN:94,(anonymous_5)
FN:98,(anonymous_6)
FN:102,(anonymous_7)
FN:106,(anonymous_8)
FNF:9
FNH:6
FNDA:1,(anonymous_0)
FNDA:2,(anonymous_1)
FNDA:0,(anonymous_2)
FNDA:2,(anonymous_3)
FNDA:2,(anonymous_4)
FNDA:1,(anonymous_5)
FNDA:0,(anonymous_6)
FNDA:1,(anonymous_7)
FNDA:0,(anonymous_8)
DA:6,1
DA:7,1
DA:11,1
DA:12,1
DA:13,1
DA:16,1
DA:17,1
DA:18,0
DA:21,1
DA:28,1
DA:32,2
DA:33,2
DA:34,2
DA:43,2
DA:44,2
DA:47,2
DA:48,0
DA:52,2
DA:57,2
DA:58,2
DA:66,2
DA:67,2
DA:68,2
DA:70,2
DA:72,2
DA:73,0
DA:74,2
DA:75,0
DA:78,2
DA:83,2
DA:84,0
DA:95,1
DA:99,0
DA:103,1
DA:107,0
DA:111,1
LF:36
LH:29
BRDA:10,0,0,0
BRDA:12,1,0,1
BRDA:12,1,1,0
BRDA:17,2,0,0
BRDA:17,2,1,1
BRDA:28,3,0,1
BRDA:28,3,1,1
BRDA:31,4,0,2
BRDA:32,5,0,2
BRDA:32,5,1,0
BRDA:66,6,0,2
BRDA:66,6,1,0
BRDA:72,7,0,0
BRDA:72,7,1,2
BRDA:72,8,0,2
BRDA:72,8,1,0
BRDA:74,9,0,0
BRDA:74,9,1,2
BRDA:83,10,0,0
BRDA:83,10,1,2
BRF:20
BRH:11
end_of_record
TN:
SF:src/core/monitoring/system-health.js
FN:11,(anonymous_0)
FN:33,(anonymous_1)
FN:39,(anonymous_2)
FN:43,(anonymous_3)
FN:48,(anonymous_4)
FN:71,(anonymous_5)
FN:89,(anonymous_6)
FN:97,(anonymous_7)
FN:108,(anonymous_8)
FN:146,(anonymous_9)
FN:172,(anonymous_10)
FN:176,(anonymous_11)
FN:184,(anonymous_12)
FNF:13
FNH:2
FNDA:1,(anonymous_0)
FNDA:0,(anonymous_1)
FNDA:0,(anonymous_2)
FNDA:0,(anonymous_3)
FNDA:0,(anonymous_4)
FNDA:0,(anonymous_5)
FNDA:0,(anonymous_6)
FNDA:0,(anonymous_7)
FNDA:0,(anonymous_8)
FNDA:0,(anonymous_9)
FNDA:1,(anonymous_10)
FNDA:0,(anonymous_11)
FNDA:0,(anonymous_12)
DA:6,1
DA:7,1
DA:8,1
DA:12,1
DA:13,1
DA:21,1
DA:29,1
DA:30,1
DA:34,0
DA:35,0
DA:36,0
DA:40,0
DA:42,0
DA:43,0
DA:44,0
DA:49,0
DA:52,0
DA:55,0
DA:58,0
DA:61,0
DA:63,0
DA:66,0
DA:68,0
DA:72,0
DA:73,0
DA:74,0
DA:76,0
DA:77,0
DA:78,0
DA:80,0
DA:83,0
DA:84,0
DA:86,0
DA:90,0
DA:91,0
DA:92,0
DA:94,0
DA:98,0
DA:100,0
DA:101,0
DA:103,0
DA:105,0
DA:109,0
DA:111,0
DA:112,0
DA:121,0
DA:122,0
DA:131,0
DA:132,0
DA:141,0
DA:142,0
DA:147,0
DA:148,0
DA:150,0
DA:152,0
DA:153,0
DA:154,0
DA:158,0
DA:159,0
DA:162,0
DA:173,1
DA:177,0
DA:178,0
DA:179,0
DA:181,0
DA:185,0
DA:186,0
DA:187,0
DA:191,1
LF:69
LH:10
BRDA:11,0,0,1
BRDA:14,1,0,1
BRDA:14,1,1,1
BRDA:15,2,0,1
BRDA:15,2,1,1
BRDA:16,3,0,1
BRDA:16,3,1,1
BRDA:17,4,0,1
BRDA:17,4,1,1
BRDA:40,5,0,0
BRDA:40,5,1,0
BRDA:111,6,0,0
BRDA:111,6,1,0
BRDA:121,7,0,0
BRDA:121,7,1,0
BRDA:131,8,0,0
BRDA:131,8,1,0
BRDA:147,9,0,0
BRDA:147,9,1,0
BRDA:148,10,0,0
BRDA:148,10,1,0
BRDA:150,11,0,0
BRDA:150,11,1,0
BRDA:153,12,0,0
BRDA:153,12,1,0
BRDA:153,13,0,0
BRDA:153,13,1,0
BRDA:153,13,2,0
BRDA:158,14,0,0
BRDA:158,14,1,0
BRDA:158,15,0,0
BRDA:158,15,1,0
BRDA:177,16,0,0
BRDA:177,16,1,0
BRF:34
BRH:9
end_of_record
TN:
SF:src/core/risk/risk-management-engine.js
FN:9,(anonymous_0)
FN:22,(anonymous_1)
FN:28,(anonymous_2)
FN:32,(anonymous_3)
FN:36,(anonymous_4)
FNF:5
FNH:0
FNDA:0,(anonymous_0)
FNDA:0,(anonymous_1)
FNDA:0,(anonymous_2)
FNDA:0,(anonymous_3)
FNDA:0,(anonymous_4)
DA:6,0
DA:10,0
DA:11,0
DA:18,0
DA:19,0
DA:23,0
DA:24,0
DA:25,0
DA:29,0
DA:33,0
DA:37,0
DA:38,0
DA:39,0
DA:43,0
LF:14
LH:0
BRDA:9,0,0,0
BRDA:12,1,0,0
BRDA:12,1,1,0
BRDA:13,2,0,0
BRDA:13,2,1,0
BRDA:14,3,0,0
BRDA:14,3,1,0
BRDA:33,4,0,0
BRDA:33,4,1,0
BRF:9
BRH:0
end_of_record
TN:
SF:src/core/trading/order-management-system.js
FN:10,(anonymous_0)
FN:32,(anonymous_1)
FN:38,(anonymous_2)
FN:66,(anonymous_3)
FN:70,(anonymous_4)
FN:74,(anonymous_5)
FN:78,(anonymous_6)
FN:82,(anonymous_7)
FN:86,(anonymous_8)
FN:97,(anonymous_9)
FNF:10
FNH:0
FNDA:0,(anonymous_0)
FNDA:0,(anonymous_1)
FNDA:0,(anonymous_2)
FNDA:0,(anonymous_3)
FNDA:0,(anonymous_4)
FNDA:0,(anonymous_5)
FNDA:0,(anonymous_6)
FNDA:0,(anonymous_7)
FNDA:0,(anonymous_8)
FNDA:0,(anonymous_9)
DA:6,0
DA:7,0
DA:11,0
DA:12,0
DA:19,0
DA:20,0
DA:21,0
DA:23,0
DA:33,0
DA:34,0
DA:35,0
DA:39,0
DA:41,0
DA:55,0
DA:56,0
DA:57,0
DA:59,0
DA:60,0
DA:62,0
DA:63,0
DA:67,0
DA:71,0
DA:75,0
DA:79,0
DA:83,0
DA:87,0
DA:89,0
DA:90,0
DA:91,0
DA:92,0
DA:98,0
DA:99,0
DA:100,0
DA:104,0
LF:34
LH:0
BRDA:10,0,0,0
BRDA:13,1,0,0
BRDA:13,1,1,0
BRDA:14,2,0,0
BRDA:14,2,1,0
BRDA:15,3,0,0
BRDA:15,3,1,0
BRDA:47,4,0,0
BRDA:47,4,1,0
BRDA:83,5,0,0
BRDA:83,5,1,0
BRDA:90,6,0,0
BRDA:90,6,1,0
BRF:13
BRH:0
end_of_record
TN:
SF:src/infrastructure/demo-trading-interface.js
FN:9,(anonymous_0)
FN:32,(anonymous_1)
FN:43,(anonymous_2)
FN:93,(anonymous_3)
FN:126,(anonymous_4)
FN:130,(anonymous_5)
FN:152,(anonymous_6)
FN:196,(anonymous_7)
FN:239,(anonymous_8)
FN:259,(anonymous_9)
FN:260,(anonymous_10)
FN:261,(anonymous_11)
FN:262,(anonymous_12)
FN:288,(anonymous_13)
FN:289,(anonymous_14)
FN:290,(anonymous_15)
FN:291,(anonymous_16)
FN:317,(anonymous_17)
FN:318,(anonymous_18)
FN:347,(anonymous_19)
FN:355,(anonymous_20)
FN:357,(anonymous_21)
FN:364,(anonymous_22)
FN:370,(anonymous_23)
FN:454,(anonymous_24)
FN:478,(anonymous_25)
FN:479,(anonymous_26)
FN:482,(anonymous_27)
FN:492,(anonymous_28)
FN:494,(anonymous_29)
FN:506,(anonymous_30)
FN:508,(anonymous_31)
FN:526,(anonymous_32)
FN:559,(anonymous_33)
FN:568,(anonymous_34)
FN:577,(anonymous_35)
FN:584,(anonymous_36)
FN:609,(anonymous_37)
FN:610,(anonymous_38)
FN:611,(anonymous_39)
FN:615,(anonymous_40)
FN:620,(anonymous_41)
FN:620,(anonymous_42)
FN:621,(anonymous_43)
FN:626,(anonymous_44)
FN:626,(anonymous_45)
FN:627,(anonymous_46)
FN:637,(anonymous_47)
FN:641,(anonymous_48)
FN:645,(anonymous_49)
FN:649,(anonymous_50)
FN:651,(anonymous_51)
FN:669,(anonymous_52)
FN:679,(anonymous_53)
FNF:54
FNH:0
FNDA:0,(anonymous_0)
FNDA:0,(anonymous_1)
FNDA:0,(anonymous_2)
FNDA:0,(anonymous_3)
FNDA:0,(anonymous_4)
FNDA:0,(anonymous_5)
FNDA:0,(anonymous_6)
FNDA:0,(anonymous_7)
FNDA:0,(anonymous_8)
FNDA:0,(anonymous_9)
FNDA:0,(anonymous_10)
FNDA:0,(anonymous_11)
FNDA:0,(anonymous_12)
FNDA:0,(anonymous_13)
FNDA:0,(anonymous_14)
FNDA:0,(anonymous_15)
FNDA:0,(anonymous_16)
FNDA:0,(anonymous_17)
FNDA:0,(anonymous_18)
FNDA:0,(anonymous_19)
FNDA:0,(anonymous_20)
FNDA:0,(anonymous_21)
FNDA:0,(anonymous_22)
FNDA:0,(anonymous_23)
FNDA:0,(anonymous_24)
FNDA:0,(anonymous_25)
FNDA:0,(anonymous_26)
FNDA:0,(anonymous_27)
FNDA:0,(anonymous_28)
FNDA:0,(anonymous_29)
FNDA:0,(anonymous_30)
FNDA:0,(anonymous_31)
FNDA:0,(anonymous_32)
FNDA:0,(anonymous_33)
FNDA:0,(anonymous_34)
FNDA:0,(anonymous_35)
FNDA:0,(anonymous_36)
FNDA:0,(anonymous_37)
FNDA:0,(anonymous_38)
FNDA:0,(anonymous_39)
FNDA:0,(anonymous_40)
FNDA:0,(anonymous_41)
FNDA:0,(anonymous_42)
FNDA:0,(anonymous_43)
FNDA:0,(anonymous_44)
FNDA:0,(anonymous_45)
FNDA:0,(anonymous_46)
FNDA:0,(anonymous_47)
FNDA:0,(anonymous_48)
FNDA:0,(anonymous_49)
FNDA:0,(anonymous_50)
FNDA:0,(anonymous_51)
FNDA:0,(anonymous_52)
FNDA:0,(anonymous_53)
DA:6,0
DA:10,0
DA:11,0
DA:25,0
DA:26,0
DA:27,0
DA:28,0
DA:29,0
DA:33,0
DA:35,0
DA:36,0
DA:38,0
DA:39,0
DA:44,0
DA:46,0
DA:84,0
DA:86,0
DA:87,0
DA:89,0
DA:94,0
DA:95,0
DA:96,0
DA:99,0
DA:100,0
DA:103,0
DA:104,0
DA:106,0
DA:109,0
DA:115,0
DA:116,0
DA:120,0
DA:122,0
DA:123,0
DA:127,0
DA:128,0
DA:130,0
DA:131,0
DA:132,0
DA:133,0
DA:135,0
DA:138,0
DA:139,0
DA:141,0
DA:142,0
DA:145,0
DA:149,0
DA:153,0
DA:156,0
DA:159,0
DA:162,0
DA:163,0
DA:164,0
DA:170,0
DA:171,0
DA:176,0
DA:179,0
DA:182,0
DA:183,0
DA:187,0
DA:197,0
DA:199,0
DA:207,0
DA:216,0
DA:217,0
DA:222,0
DA:225,0
DA:234,0
DA:235,0
DA:240,0
DA:241,0
DA:243,0
DA:244,0
DA:247,0
DA:249,0
DA:251,0
DA:253,0
DA:255,0
DA:260,0
DA:261,0
DA:262,0
DA:263,0
DA:265,0
DA:266,0
DA:267,0
DA:273,0
DA:274,0
DA:275,0
DA:276,0
DA:285,0
DA:289,0
DA:290,0
DA:291,0
DA:292,0
DA:294,0
DA:295,0
DA:296,0
DA:302,0
DA:303,0
DA:304,0
DA:305,0
DA:314,0
DA:318,0
DA:319,0
DA:320,0
DA:321,0
DA:322,0
DA:324,0
DA:325,0
DA:326,0
DA:332,0
DA:333,0
DA:334,0
DA:335,0
DA:344,0
DA:348,0
DA:349,0
DA:350,0
DA:352,0
DA:356,0
DA:357,0
DA:361,0
DA:366,0
DA:367,0
DA:371,0
DA:384,0
DA:390,0
DA:392,0
DA:393,0
DA:394,0
DA:397,0
DA:398,0
DA:400,0
DA:407,0
DA:408,0
DA:410,0
DA:411,0
DA:413,0
DA:415,0
DA:416,0
DA:417,0
DA:421,0
DA:422,0
DA:425,0
DA:426,0
DA:427,0
DA:428,0
DA:435,0
DA:438,0
DA:439,0
DA:443,0
DA:444,0
DA:448,0
DA:449,0
DA:451,0
DA:455,0
DA:458,0
DA:459,0
DA:460,0
DA:461,0
DA:465,0
DA:468,0
DA:469,0
DA:471,0
DA:479,0
DA:481,0
DA:482,0
DA:483,0
DA:487,0
DA:488,0
DA:493,0
DA:494,0
DA:495,0
DA:497,0
DA:498,0
DA:499,0
DA:502,0
DA:505,0
DA:506,0
DA:507,0
DA:508,0
DA:510,0
DA:514,0
DA:515,0
DA:517,0
DA:518,0
DA:519,0
DA:520,0
DA:523,0
DA:527,0
DA:528,0
DA:529,0
DA:532,0
DA:533,0
DA:535,0
DA:536,0
DA:544,0
DA:547,0
DA:548,0
DA:549,0
DA:560,0
DA:561,0
DA:562,0
DA:563,0
DA:564,0
DA:569,0
DA:570,0
DA:571,0
DA:572,0
DA:573,0
DA:578,0
DA:579,0
DA:580,0
DA:585,0
DA:586,0
DA:588,0
DA:589,0
DA:590,0
DA:593,0
DA:596,0
DA:597,0
DA:599,0
DA:600,0
DA:604,0
DA:606,0
DA:610,0
DA:611,0
DA:613,0
DA:615,0
DA:618,0
DA:620,0
DA:621,0
DA:624,0
DA:626,0
DA:627,0
DA:630,0
DA:638,0
DA:642,0
DA:646,0
DA:651,0
DA:653,0
DA:655,0
DA:670,0
DA:680,0
DA:683,0
DA:684,0
DA:687,0
DA:688,0
DA:689,0
DA:693,0
LF:249
LH:0
BRDA:9,0,0,0
BRDA:12,1,0,0
BRDA:12,1,1,0
BRDA:13,2,0,0
BRDA:13,2,1,0
BRDA:14,3,0,0
BRDA:14,3,1,0
BRDA:20,4,0,0
BRDA:20,4,1,0
BRDA:21,5,0,0
BRDA:21,5,1,0
BRDA:52,6,0,0
BRDA:52,6,1,0
BRDA:53,7,0,0
BRDA:53,7,1,0
BRDA:54,8,0,0
BRDA:54,8,1,0
BRDA:61,9,0,0
BRDA:61,9,1,0
BRDA:63,10,0,0
BRDA:63,10,1,0
BRDA:95,11,0,0
BRDA:95,11,1,0
BRDA:99,12,0,0
BRDA:99,12,1,0
BRDA:99,13,0,0
BRDA:99,13,1,0
BRDA:115,14,0,0
BRDA:115,14,1,0
BRDA:115,15,0,0
BRDA:115,15,1,0
BRDA:131,16,0,0
BRDA:131,16,1,0
BRDA:131,17,0,0
BRDA:131,17,1,0
BRDA:132,18,0,0
BRDA:132,18,1,0
BRDA:163,19,0,0
BRDA:163,19,1,0
BRDA:170,20,0,0
BRDA:170,20,1,0
BRDA:216,21,0,0
BRDA:216,21,1,0
BRDA:216,22,0,0
BRDA:216,22,1,0
BRDA:229,23,0,0
BRDA:229,23,1,0
BRDA:230,24,0,0
BRDA:230,24,1,0
BRDA:243,25,0,0
BRDA:243,25,1,0
BRDA:243,26,0,0
BRDA:243,26,1,0
BRDA:247,27,0,0
BRDA:247,27,1,0
BRDA:247,27,2,0
BRDA:247,27,3,0
BRDA:265,28,0,0
BRDA:265,28,1,0
BRDA:265,29,0,0
BRDA:265,29,1,0
BRDA:273,30,0,0
BRDA:273,30,1,0
BRDA:273,31,0,0
BRDA:273,31,1,0
BRDA:275,32,0,0
BRDA:275,32,1,0
BRDA:275,33,0,0
BRDA:275,33,1,0
BRDA:294,34,0,0
BRDA:294,34,1,0
BRDA:302,35,0,0
BRDA:302,35,1,0
BRDA:304,36,0,0
BRDA:304,36,1,0
BRDA:304,37,0,0
BRDA:304,37,1,0
BRDA:324,38,0,0
BRDA:324,38,1,0
BRDA:332,39,0,0
BRDA:332,39,1,0
BRDA:334,40,0,0
BRDA:334,40,1,0
BRDA:334,41,0,0
BRDA:334,41,1,0
BRDA:366,42,0,0
BRDA:366,42,1,0
BRDA:384,43,0,0
BRDA:384,43,1,0
BRDA:390,44,0,0
BRDA:390,44,1,0
BRDA:393,45,0,0
BRDA:393,45,1,0
BRDA:413,46,0,0
BRDA:413,46,1,0
BRDA:415,47,0,0
BRDA:415,47,1,0
BRDA:426,48,0,0
BRDA:426,48,1,0
BRDA:440,49,0,0
BRDA:440,49,1,0
BRDA:459,50,0,0
BRDA:459,50,1,0
BRDA:468,51,0,0
BRDA:468,51,1,0
BRDA:482,52,0,0
BRDA:482,52,1,0
BRDA:487,53,0,0
BRDA:487,53,1,0
BRDA:487,54,0,0
BRDA:487,54,1,0
BRDA:505,55,0,0
BRDA:505,55,1,0
BRDA:510,56,0,0
BRDA:510,56,1,0
BRDA:518,57,0,0
BRDA:518,57,1,0
BRDA:520,58,0,0
BRDA:520,58,1,0
BRDA:535,59,0,0
BRDA:535,59,1,0
BRDA:548,60,0,0
BRDA:548,60,1,0
BRDA:561,61,0,0
BRDA:561,61,1,0
BRDA:561,62,0,0
BRDA:561,62,1,0
BRDA:570,63,0,0
BRDA:570,63,1,0
BRDA:570,64,0,0
BRDA:570,64,1,0
BRDA:579,65,0,0
BRDA:579,65,1,0
BRDA:586,66,0,0
BRDA:586,66,1,0
BRDA:601,67,0,0
BRDA:601,67,1,0
BRDA:611,68,0,0
BRDA:611,68,1,0
BRDA:614,69,0,0
BRDA:614,69,1,0
BRDA:619,70,0,0
BRDA:619,70,1,0
BRDA:625,71,0,0
BRDA:625,71,1,0
BRDA:631,72,0,0
BRDA:631,72,1,0
BRDA:651,73,0,0
BRDA:651,73,1,0
BRDA:653,74,0,0
BRDA:653,74,1,0
BRF:151
BRH:0
end_of_record
TN:
SF:src/infrastructure/market-data/market-data-manager.js
FN:10,(anonymous_0)
FN:37,(anonymous_1)
FN:79,(anonymous_2)
FN:81,(anonymous_3)
FN:86,(anonymous_4)
FN:125,(anonymous_5)
FN:149,(anonymous_6)
FN:169,(anonymous_7)
FN:194,(anonymous_8)
FN:199,(anonymous_9)
FN:203,(anonymous_10)
FN:208,(anonymous_11)
FN:213,(anonymous_12)
FN:218,(anonymous_13)
FN:222,(anonymous_14)
FN:239,(anonymous_15)
FN:249,(anonymous_16)
FN:274,(anonymous_17)
FN:275,(anonymous_18)
FN:276,(anonymous_19)
FN:282,(anonymous_20)
FN:292,(anonymous_21)
FNF:22
FNH:0
FNDA:0,(anonymous_0)
FNDA:0,(anonymous_1)
FNDA:0,(anonymous_2)
FNDA:0,(anonymous_3)
FNDA:0,(anonymous_4)
FNDA:0,(anonymous_5)
FNDA:0,(anonymous_6)
FNDA:0,(anonymous_7)
FNDA:0,(anonymous_8)
FNDA:0,(anonymous_9)
FNDA:0,(anonymous_10)
FNDA:0,(anonymous_11)
FNDA:0,(anonymous_12)
FNDA:0,(anonymous_13)
FNDA:0,(anonymous_14)
FNDA:0,(anonymous_15)
FNDA:0,(anonymous_16)
FNDA:0,(anonymous_17)
FNDA:0,(anonymous_18)
FNDA:0,(anonymous_19)
FNDA:0,(anonymous_20)
FNDA:0,(anonymous_21)
DA:6,0
DA:7,0
DA:11,0
DA:12,0
DA:21,0
DA:22,0
DA:23,0
DA:24,0
DA:25,0
DA:26,0
DA:29,0
DA:38,0
DA:40,0
DA:42,0
DA:43,0
DA:49,0
DA:50,0
DA:54,0
DA:55,0
DA:56,0
DA:58,0
DA:69,0
DA:71,0
DA:72,0
DA:74,0
DA:75,0
DA:81,0
DA:82,0
DA:87,0
DA:90,0
DA:96,0
DA:99,0
DA:100,0
DA:102,0
DA:103,0
DA:106,0
DA:107,0
DA:111,0
DA:112,0
DA:115,0
DA:118,0
DA:127,0
DA:128,0
DA:129,0
DA:132,0
DA:134,0
DA:150,0
DA:152,0
DA:156,0
DA:165,0
DA:170,0
DA:173,0
DA:174,0
DA:176,0
DA:179,0
DA:182,0
DA:183,0
DA:184,0
DA:185,0
DA:186,0
DA:188,0
DA:195,0
DA:196,0
DA:200,0
DA:204,0
DA:205,0
DA:209,0
DA:210,0
DA:214,0
DA:215,0
DA:219,0
DA:223,0
DA:224,0
DA:225,0
DA:226,0
DA:227,0
DA:236,0
DA:240,0
DA:256,0
DA:258,0
DA:260,0
DA:262,0
DA:263,0
DA:271,0
DA:275,0
DA:276,0
DA:277,0
DA:283,0
DA:293,0
DA:295,0
DA:296,0
DA:299,0
DA:300,0
DA:301,0
DA:302,0
DA:304,0
DA:305,0
DA:309,0
LF:98
LH:0
BRDA:10,0,0,0
BRDA:13,1,0,0
BRDA:13,1,1,0
BRDA:14,2,0,0
BRDA:14,2,1,0
BRDA:15,3,0,0
BRDA:15,3,1,0
BRDA:16,4,0,0
BRDA:16,4,1,0
BRDA:17,5,0,0
BRDA:17,5,1,0
BRDA:42,6,0,0
BRDA:42,6,1,0
BRDA:55,7,0,0
BRDA:55,7,1,0
BRDA:99,8,0,0
BRDA:99,8,1,0
BRDA:106,9,0,0
BRDA:106,9,1,0
BRDA:152,10,0,0
BRDA:152,10,1,0
BRDA:173,11,0,0
BRDA:173,11,1,0
BRDA:182,12,0,0
BRDA:182,12,1,0
BRDA:184,13,0,0
BRDA:184,13,1,0
BRDA:196,14,0,0
BRDA:196,14,1,0
BRDA:200,15,0,0
BRDA:200,15,1,0
BRDA:203,16,0,0
BRDA:204,17,0,0
BRDA:204,17,1,0
BRDA:209,18,0,0
BRDA:209,18,1,0
BRDA:214,19,0,0
BRDA:214,19,1,0
BRDA:226,20,0,0
BRDA:226,20,1,0
BRDA:229,21,0,0
BRDA:229,21,1,0
BRDA:230,22,0,0
BRDA:230,22,1,0
BRDA:231,23,0,0
BRDA:231,23,1,0
BRDA:244,24,0,0
BRDA:244,24,1,0
BRDA:254,25,0,0
BRDA:255,26,0,0
BRDA:262,27,0,0
BRDA:262,27,1,0
BRDA:277,28,0,0
BRDA:277,28,1,0
BRDA:284,29,0,0
BRDA:284,29,1,0
BRDA:295,30,0,0
BRDA:295,30,1,0
BRF:58
BRH:0
end_of_record
TN:
SF:src/infrastructure/market-data/real-world-data-provider.js
FN:11,(anonymous_0)
FN:34,(anonymous_1)
FN:55,(anonymous_2)
FN:72,(anonymous_3)
FN:77,(anonymous_4)
FN:135,(anonymous_5)
FN:148,(anonymous_6)
FN:165,(anonymous_7)
FN:188,(anonymous_8)
FN:193,(anonymous_9)
FN:196,(anonymous_10)
FN:201,(anonymous_11)
FN:228,(anonymous_12)
FN:250,(anonymous_13)
FN:255,(anonymous_14)
FN:263,(anonymous_15)
FN:268,(anonymous_16)
FN:291,(anonymous_17)
FN:309,(anonymous_18)
FN:375,(anonymous_19)
FN:388,(anonymous_20)
FN:394,(anonymous_21)
FN:395,(anonymous_22)
FN:406,(anonymous_23)
FN:409,(anonymous_24)
FN:410,(anonymous_25)
FN:412,(anonymous_26)
FN:424,(anonymous_27)
FN:427,(anonymous_28)
FN:441,(anonymous_29)
FN:446,(anonymous_30)
FN:454,(anonymous_31)
FNF:32
FNH:0
FNDA:0,(anonymous_0)
FNDA:0,(anonymous_1)
FNDA:0,(anonymous_2)
FNDA:0,(anonymous_3)
FNDA:0,(anonymous_4)
FNDA:0,(anonymous_5)
FNDA:0,(anonymous_6)
FNDA:0,(anonymous_7)
FNDA:0,(anonymous_8)
FNDA:0,(anonymous_9)
FNDA:0,(anonymous_10)
FNDA:0,(anonymous_11)
FNDA:0,(anonymous_12)
FNDA:0,(anonymous_13)
FNDA:0,(anonymous_14)
FNDA:0,(anonymous_15)
FNDA:0,(anonymous_16)
FNDA:0,(anonymous_17)
FNDA:0,(anonymous_18)
FNDA:0,(anonymous_19)
FNDA:0,(anonymous_20)
FNDA:0,(anonymous_21)
FNDA:0,(anonymous_22)
FNDA:0,(anonymous_23)
FNDA:0,(anonymous_24)
FNDA:0,(anonymous_25)
FNDA:0,(anonymous_26)
FNDA:0,(anonymous_27)
FNDA:0,(anonymous_28)
FNDA:0,(anonymous_29)
FNDA:0,(anonymous_30)
FNDA:0,(anonymous_31)
DA:6,0
DA:7,0
DA:8,0
DA:12,0
DA:13,0
DA:23,0
DA:24,0
DA:25,0
DA:26,0
DA:27,0
DA:35,0
DA:37,0
DA:39,0
DA:42,0
DA:45,0
DA:47,0
DA:48,0
DA:50,0
DA:51,0
DA:56,0
DA:58,0
DA:59,0
DA:60,0
DA:61,0
DA:62,0
DA:64,0
DA:66,0
DA:67,0
DA:74,0
DA:78,0
DA:79,0
DA:80,0
DA:81,0
DA:84,0
DA:94,0
DA:95,0
DA:97,0
DA:99,0
DA:101,0
DA:103,0
DA:104,0
DA:105,0
DA:107,0
DA:108,0
DA:111,0
DA:112,0
DA:114,0
DA:116,0
DA:129,0
DA:132,0
DA:136,0
DA:145,0
DA:150,0
DA:151,0
DA:153,0
DA:154,0
DA:155,0
DA:158,0
DA:159,0
DA:160,0
DA:162,0
DA:166,0
DA:176,0
DA:177,0
DA:179,0
DA:180,0
DA:181,0
DA:182,0
DA:184,0
DA:185,0
DA:189,0
DA:190,0
DA:194,0
DA:196,0
DA:197,0
DA:202,0
DA:205,0
DA:206,0
DA:208,0
DA:209,0
DA:210,0
DA:211,0
DA:212,0
DA:214,0
DA:223,0
DA:224,0
DA:229,0
DA:230,0
DA:232,0
DA:233,0
DA:234,0
DA:237,0
DA:247,0
DA:251,0
DA:253,0
DA:255,0
DA:256,0
DA:257,0
DA:258,0
DA:259,0
DA:264,0
DA:265,0
DA:269,0
DA:271,0
DA:272,0
DA:273,0
DA:275,0
DA:276,0
DA:277,0
DA:278,0
DA:279,0
DA:280,0
DA:281,0
DA:287,0
DA:292,0
DA:294,0
DA:295,0
DA:296,0
DA:298,0
DA:299,0
DA:300,0
DA:302,0
DA:304,0
DA:310,0
DA:311,0
DA:312,0
DA:313,0
DA:315,0
DA:317,0
DA:318,0
DA:320,0
DA:322,0
DA:323,0
DA:324,0
DA:325,0
DA:331,0
DA:333,0
DA:342,0
DA:343,0
DA:344,0
DA:346,0
DA:348,0
DA:360,0
DA:364,0
DA:376,0
DA:378,0
DA:380,0
DA:382,0
DA:384,0
DA:389,0
DA:391,0
DA:392,0
DA:394,0
DA:395,0
DA:397,0
DA:398,0
DA:399,0
DA:400,0
DA:403,0
DA:407,0
DA:409,0
DA:410,0
DA:411,0
DA:412,0
DA:415,0
DA:416,0
DA:417,0
DA:418,0
DA:421,0
DA:425,0
DA:427,0
DA:428,0
DA:429,0
DA:430,0
DA:432,0
DA:433,0
DA:434,0
DA:435,0
DA:438,0
DA:442,0
DA:446,0
DA:455,0
DA:456,0
DA:457,0
DA:458,0
DA:462,0
LF:186
LH:0
BRDA:11,0,0,0
BRDA:14,1,0,0
BRDA:14,1,1,0
BRDA:15,2,0,0
BRDA:15,2,1,0
BRDA:16,3,0,0
BRDA:16,3,1,0
BRDA:17,4,0,0
BRDA:17,4,1,0
BRDA:18,5,0,0
BRDA:18,5,1,0
BRDA:19,6,0,0
BRDA:19,6,1,0
BRDA:94,7,0,0
BRDA:94,7,1,0
BRDA:101,8,0,0
BRDA:101,8,1,0
BRDA:101,9,0,0
BRDA:101,9,1,0
BRDA:105,10,0,0
BRDA:105,10,1,0
BRDA:105,11,0,0
BRDA:105,11,1,0
BRDA:145,12,0,0
BRDA:145,12,1,0
BRDA:153,13,0,0
BRDA:153,13,1,0
BRDA:154,14,0,0
BRDA:154,14,1,0
BRDA:155,15,0,0
BRDA:155,15,1,0
BRDA:155,16,0,0
BRDA:155,16,1,0
BRDA:176,17,0,0
BRDA:176,17,1,0
BRDA:180,18,0,0
BRDA:180,18,1,0
BRDA:181,19,0,0
BRDA:181,19,1,0
BRDA:182,20,0,0
BRDA:182,20,1,0
BRDA:182,21,0,0
BRDA:182,21,1,0
BRDA:206,22,0,0
BRDA:206,22,1,0
BRDA:206,23,0,0
BRDA:206,23,1,0
BRDA:230,24,0,0
BRDA:230,24,1,0
BRDA:233,25,0,0
BRDA:233,25,1,0
BRDA:233,26,0,0
BRDA:233,26,1,0
BRDA:247,27,0,0
BRDA:247,27,1,0
BRDA:251,28,0,0
BRDA:251,28,1,0
BRDA:253,29,0,0
BRDA:253,29,1,0
BRDA:253,30,0,0
BRDA:253,30,1,0
BRDA:257,31,0,0
BRDA:257,31,1,0
BRDA:258,32,0,0
BRDA:258,32,1,0
BRDA:259,33,0,0
BRDA:259,33,1,0
BRDA:265,34,0,0
BRDA:265,34,1,0
BRDA:269,35,0,0
BRDA:269,35,1,0
BRDA:292,36,0,0
BRDA:292,36,1,0
BRDA:309,37,0,0
BRDA:322,38,0,0
BRDA:322,38,1,0
BRDA:322,39,0,0
BRDA:322,39,1,0
BRDA:324,40,0,0
BRDA:324,40,1,0
BRDA:342,41,0,0
BRDA:342,41,1,0
BRDA:342,42,0,0
BRDA:342,42,1,0
BRDA:366,43,0,0
BRDA:366,43,1,0
BRDA:369,44,0,0
BRDA:369,44,1,0
BRDA:376,45,0,0
BRDA:376,45,1,0
BRDA:376,45,2,0
BRDA:376,45,3,0
BRDA:389,46,0,0
BRDA:389,46,1,0
BRDA:397,47,0,0
BRDA:397,47,1,0
BRDA:397,48,0,0
BRDA:397,48,1,0
BRDA:399,49,0,0
BRDA:399,49,1,0
BRDA:399,50,0,0
BRDA:399,50,1,0
BRDA:407,51,0,0
BRDA:407,51,1,0
BRDA:415,52,0,0
BRDA:415,52,1,0
BRDA:417,53,0,0
BRDA:417,53,1,0
BRDA:425,54,0,0
BRDA:425,54,1,0
BRDA:432,55,0,0
BRDA:432,55,1,0
BRDA:434,56,0,0
BRDA:434,56,1,0
BRF:114
BRH:0
end_of_record
TN:
SF:src/testing/testing-framework.js
FN:9,(anonymous_0)
FN:44,(anonymous_1)
FN:95,(anonymous_2)
FN:135,(anonymous_3)
FN:175,(anonymous_4)
FN:215,(anonymous_5)
FN:244,(anonymous_6)
FN:249,(anonymous_7)
FN:254,(anonymous_8)
FN:278,(anonymous_9)
FN:307,(anonymous_10)
FN:330,(anonymous_11)
FN:358,(anonymous_12)
FN:383,(anonymous_13)
FN:412,(anonymous_14)
FN:436,(anonymous_15)
FN:486,(anonymous_16)
FN:494,(anonymous_17)
FN:501,(anonymous_18)
FN:508,(anonymous_19)
FN:519,(anonymous_20)
FN:526,(anonymous_21)
FN:549,(anonymous_22)
FN:613,(anonymous_23)
FN:633,(anonymous_24)
FN:668,(anonymous_25)
FN:688,(anonymous_26)
FN:693,(anonymous_27)
FN:700,(anonymous_28)
FN:716,(anonymous_29)
FN:748,runTests
FNF:31
FNH:5
FNDA:1,(anonymous_0)
FNDA:1,(anonymous_1)
FNDA:1,(anonymous_2)
FNDA:1,(anonymous_3)
FNDA:2,(anonymous_4)
FNDA:0,(anonymous_5)
FNDA:0,(anonymous_6)
FNDA:0,(anonymous_7)
FNDA:0,(anonymous_8)
FNDA:0,(anonymous_9)
FNDA:0,(anonymous_10)
FNDA:0,(anonymous_11)
FNDA:0,(anonymous_12)
FNDA:0,(anonymous_13)
FNDA:0,(anonymous_14)
FNDA:0,(anonymous_15)
FNDA:0,(anonymous_16)
FNDA:0,(anonymous_17)
FNDA:0,(anonymous_18)
FNDA:0,(anonymous_19)
FNDA:0,(anonymous_20)
FNDA:0,(anonymous_21)
FNDA:0,(anonymous_22)
FNDA:0,(anonymous_23)
FNDA:0,(anonymous_24)
FNDA:0,(anonymous_25)
FNDA:0,(anonymous_26)
FNDA:0,(anonymous_27)
FNDA:0,(anonymous_28)
FNDA:0,(anonymous_29)
FNDA:0,runTests
DA:4,1
DA:5,1
DA:6,1
DA:10,1
DA:11,1
DA:28,1
DA:36,1
DA:41,1
DA:45,1
DA:48,1
DA:57,1
DA:66,1
DA:75,1
DA:84,1
DA:92,1
DA:96,1
DA:132,1
DA:136,1
DA:172,1
DA:176,2
DA:177,2
DA:178,2
DA:180,2
DA:182,1130
DA:186,1130
DA:187,1130
DA:188,1130
DA:192,1130
DA:196,1130
DA:212,2
DA:216,0
DA:217,0
DA:219,0
DA:220,0
DA:223,0
DA:225,0
DA:226,0
DA:228,0
DA:229,0
DA:236,0
DA:241,0
DA:246,0
DA:247,0
DA:249,0
DA:250,0
DA:255,0
DA:256,0
DA:257,0
DA:259,0
DA:260,0
DA:261,0
DA:263,0
DA:270,0
DA:275,0
DA:282,0
DA:284,0
DA:285,0
DA:287,0
DA:288,0
DA:290,0
DA:291,0
DA:293,0
DA:294,0
DA:296,0
DA:297,0
DA:299,0
DA:303,0
DA:304,0
DA:308,0
DA:309,0
DA:311,0
DA:312,0
DA:313,0
DA:315,0
DA:322,0
DA:327,0
DA:334,0
DA:336,0
DA:337,0
DA:339,0
DA:340,0
DA:342,0
DA:343,0
DA:345,0
DA:346,0
DA:348,0
DA:349,0
DA:351,0
DA:354,0
DA:355,0
DA:359,0
DA:360,0
DA:361,0
DA:363,0
DA:364,0
DA:365,0
DA:367,0
DA:374,0
DA:375,0
DA:380,0
DA:385,0
DA:387,0
DA:392,0
DA:397,0
DA:400,0
DA:403,0
DA:408,0
DA:413,0
DA:414,0
DA:416,0
DA:417,0
DA:419,0
DA:428,0
DA:433,0
DA:438,0
DA:442,0
DA:444,0
DA:445,0
DA:446,0
DA:447,0
DA:450,0
DA:451,0
DA:452,0
DA:453,0
DA:456,0
DA:457,0
DA:458,0
DA:459,0
DA:462,0
DA:463,0
DA:464,0
DA:465,0
DA:468,0
DA:469,0
DA:470,0
DA:471,0
DA:474,0
DA:475,0
DA:476,0
DA:479,0
DA:487,0
DA:488,0
DA:489,0
DA:490,0
DA:491,0
DA:495,0
DA:496,0
DA:497,0
DA:498,0
DA:502,0
DA:503,0
DA:505,0
DA:509,0
DA:511,0
DA:512,0
DA:513,0
DA:514,0
DA:515,0
DA:516,0
DA:520,0
DA:521,0
DA:522,0
DA:523,0
DA:527,0
DA:528,0
DA:530,0
DA:531,0
DA:532,0
DA:535,0
DA:536,0
DA:537,0
DA:538,0
DA:539,0
DA:542,0
DA:546,0
DA:550,0
DA:551,0
DA:559,0
DA:560,0
DA:561,0
DA:564,0
DA:565,0
DA:566,0
DA:567,0
DA:569,0
DA:570,0
DA:571,0
DA:573,0
DA:574,0
DA:575,0
DA:579,0
DA:580,0
DA:581,0
DA:583,0
DA:586,0
DA:587,0
DA:590,0
DA:596,0
DA:597,0
DA:600,0
DA:603,0
DA:610,0
DA:614,0
DA:615,0
DA:617,0
DA:625,0
DA:628,0
DA:630,0
DA:634,0
DA:635,0
DA:637,0
DA:669,0
DA:670,0
DA:672,0
DA:673,0
DA:675,0
DA:676,0
DA:677,0
DA:678,0
DA:679,0
DA:681,0
DA:682,0
DA:683,0
DA:684,0
DA:685,0
DA:687,0
DA:688,0
DA:689,0
DA:692,0
DA:693,0
DA:694,0
DA:697,0
DA:701,0
DA:702,0
DA:703,0
DA:706,0
DA:707,0
DA:709,0
DA:710,0
DA:713,0
DA:717,0
DA:718,0
DA:720,0
DA:721,0
DA:722,0
DA:723,0
DA:738,0
DA:739,0
DA:740,0
DA:745,1
DA:749,0
DA:750,0
DA:754,1
DA:755,0
LF:254
LH:32
BRDA:182,0,0,500
BRDA:182,0,1,630
BRDA:186,1,0,587
BRDA:186,1,1,543
BRDA:192,2,0,500
BRDA:192,2,1,630
BRDA:233,3,0,0
BRDA:233,3,1,0
BRDA:237,4,0,0
BRDA:237,4,1,0
BRDA:246,5,0,0
BRDA:246,5,1,0
BRDA:271,6,0,0
BRDA:271,6,1,0
BRDA:282,7,0,0
BRDA:282,7,1,0
BRDA:282,7,2,0
BRDA:282,7,3,0
BRDA:282,7,4,0
BRDA:282,7,5,0
BRDA:284,8,0,0
BRDA:284,8,1,0
BRDA:287,9,0,0
BRDA:287,9,1,0
BRDA:290,10,0,0
BRDA:290,10,1,0
BRDA:293,11,0,0
BRDA:293,11,1,0
BRDA:296,12,0,0
BRDA:296,12,1,0
BRDA:323,13,0,0
BRDA:323,13,1,0
BRDA:334,14,0,0
BRDA:334,14,1,0
BRDA:334,14,2,0
BRDA:334,14,3,0
BRDA:334,14,4,0
BRDA:334,14,5,0
BRDA:336,15,0,0
BRDA:336,15,1,0
BRDA:339,16,0,0
BRDA:339,16,1,0
BRDA:345,17,0,0
BRDA:345,17,1,0
BRDA:348,18,0,0
BRDA:348,18,1,0
BRDA:374,19,0,0
BRDA:374,19,1,0
BRDA:376,20,0,0
BRDA:376,20,1,0
BRDA:385,21,0,0
BRDA:385,21,1,0
BRDA:385,21,2,0
BRDA:385,21,3,0
BRDA:385,21,4,0
BRDA:385,21,5,0
BRDA:387,22,0,0
BRDA:387,22,1,0
BRDA:392,23,0,0
BRDA:392,23,1,0
BRDA:397,24,0,0
BRDA:397,24,1,0
BRDA:400,25,0,0
BRDA:400,25,1,0
BRDA:403,26,0,0
BRDA:403,26,1,0
BRDA:429,27,0,0
BRDA:429,27,1,0
BRDA:438,28,0,0
BRDA:438,28,1,0
BRDA:442,29,0,0
BRDA:442,29,1,0
BRDA:442,29,2,0
BRDA:442,29,3,0
BRDA:442,29,4,0
BRDA:442,29,5,0
BRDA:488,30,0,0
BRDA:488,30,1,0
BRDA:489,31,0,0
BRDA:489,31,1,0
BRDA:490,32,0,0
BRDA:490,32,1,0
BRDA:495,33,0,0
BRDA:495,33,1,0
BRDA:496,34,0,0
BRDA:496,34,1,0
BRDA:497,35,0,0
BRDA:497,35,1,0
BRDA:502,36,0,0
BRDA:502,36,1,0
BRDA:509,37,0,0
BRDA:509,37,1,0
BRDA:511,38,0,0
BRDA:511,38,1,0
BRDA:512,39,0,0
BRDA:512,39,1,0
BRDA:513,40,0,0
BRDA:513,40,1,0
BRDA:514,41,0,0
BRDA:514,41,1,0
BRDA:515,42,0,0
BRDA:515,42,1,0
BRDA:520,43,0,0
BRDA:520,43,1,0
BRDA:521,44,0,0
BRDA:521,44,1,0
BRDA:522,45,0,0
BRDA:522,45,1,0
BRDA:573,46,0,0
BRDA:573,46,1,0
BRDA:580,47,0,0
BRDA:580,47,1,0
BRDA:580,48,0,0
BRDA:580,48,1,0
BRDA:601,49,0,0
BRDA:601,49,1,0
BRDA:601,50,0,0
BRDA:601,50,1,0
BRDA:604,51,0,0
BRDA:604,51,1,0
BRDA:606,52,0,0
BRDA:606,52,1,0
BRDA:702,53,0,0
BRDA:702,53,1,0
BRDA:731,54,0,0
BRDA:731,54,1,0
BRDA:754,55,0,0
BRDA:754,55,1,1
BRF:128
BRH:7
end_of_record
